2014/06/21 13:08:48 [error] [exception.CHttpException.404] exception 'CHttpException' with message 'Unable to resolve the request "login".' in /Users/maxim/Sites/yii/web/CWebApplication.php:286
Stack trace:
#0 /Users/maxim/Sites/yii/web/CWebApplication.php(141): CWebApplication->runController('login')
#1 /Users/maxim/Sites/yii/base/CApplication.php(180): CWebApplication->processRequest()
#2 /Users/maxim/Sites/ua-selector.in/czvl/index.php(13): CApplication->run()
#3 {main}
REQUEST_URI=/login
---
2014/06/21 13:08:50 [error] [exception.CHttpException.404] exception 'CHttpException' with message 'Unable to resolve the request "login".' in /Users/maxim/Sites/yii/web/CWebApplication.php:286
Stack trace:
#0 /Users/maxim/Sites/yii/web/CWebApplication.php(141): CWebApplication->runController('login')
#1 /Users/maxim/Sites/yii/base/CApplication.php(180): CWebApplication->processRequest()
#2 /Users/maxim/Sites/ua-selector.in/czvl/index.php(13): CApplication->run()
#3 {main}
REQUEST_URI=/login
---
2014/06/21 14:12:56 [error] [php] Undefined variable: model (/Users/maxim/Sites/ua-selector.in/czvl/protected/controllers/SiteController.php:124)
Stack trace:
#0 /Users/maxim/Sites/yii/web/CController.php(286): SiteController->runAction()
#1 /Users/maxim/Sites/yii/web/CController.php(265): SiteController->runActionWithFilters()
#2 /Users/maxim/Sites/yii/web/CWebApplication.php(282): SiteController->run()
#3 /Users/maxim/Sites/yii/web/CWebApplication.php(141): CWebApplication->runController()
#4 /Users/maxim/Sites/yii/base/CApplication.php(180): CWebApplication->processRequest()
#5 /Users/maxim/Sites/ua-selector.in/czvl/index.php(13): CWebApplication->run()
REQUEST_URI=/site/login
in /Users/maxim/Sites/ua-selector.in/czvl/protected/controllers/SiteController.php (124)
in /Users/maxim/Sites/ua-selector.in/czvl/index.php (13)
2014/06/21 14:14:17 [error] [php] Missing argument 1 for LightOpenID::__construct(), called in /Users/maxim/Sites/ua-selector.in/czvl/protected/extensions/lightopenid/loid.php on line 34 and defined (/Users/maxim/Sites/ua-selector.in/czvl/protected/extensions/lightopenid/LightOpenID.php:74)
Stack trace:
#0 /Users/maxim/Sites/ua-selector.in/czvl/protected/extensions/eauth/EAuth.php(136): GoogleOpenIDService->init()
#1 /Users/maxim/Sites/ua-selector.in/czvl/protected/extensions/eauth/EAuth.php(72): EAuth->getIdentity()
#2 /Users/maxim/Sites/ua-selector.in/czvl/protected/extensions/eauth/EAuthWidget.php(63): EAuth->getServices()
#3 /Users/maxim/Sites/ua-selector.in/czvl/protected/extensions/eauth/EAuth.php(181): EAuthWidget->init()
#4 /Users/maxim/Sites/ua-selector.in/czvl/protected/views/site/login.php(56): EAuth->renderWidget()
#5 /Users/maxim/Sites/yii/web/CBaseController.php(126): require()
#6 /Users/maxim/Sites/yii/web/CBaseController.php(95): SiteController->renderInternal()
#7 /Users/maxim/Sites/yii/web/CController.php(869): SiteController->renderFile()
#8 /Users/maxim/Sites/yii/web/CController.php(782): SiteController->renderPartial()
#9 /Users/maxim/Sites/ua-selector.in/czvl/protected/controllers/SiteController.php(140): SiteController->render()
#10 /Users/maxim/Sites/yii/web/actions/CInlineAction.php(49): SiteController->actionLogin()
#11 /Users/maxim/Sites/yii/web/CController.php(308): CInlineAction->runWithParams()
#12 /Users/maxim/Sites/yii/web/CController.php(286): SiteController->runAction()
#13 /Users/maxim/Sites/yii/web/CController.php(265): SiteController->runActionWithFilters()
#14 /Users/maxim/Sites/yii/web/CWebApplication.php(282): SiteController->run()
#15 /Users/maxim/Sites/yii/web/CWebApplication.php(141): CWebApplication->runController()
#16 /Users/maxim/Sites/yii/base/CApplication.php(180): CWebApplication->processRequest()
#17 /Users/maxim/Sites/ua-selector.in/czvl/index.php(13): CWebApplication->run()
REQUEST_URI=/site/login
in /Users/maxim/Sites/ua-selector.in/czvl/protected/extensions/lightopenid/LightOpenID.php (74)
in /Users/maxim/Sites/ua-selector.in/czvl/protected/extensions/lightopenid/loid.php (34)
in /Users/maxim/Sites/ua-selector.in/czvl/protected/extensions/eauth/EOpenIDService.php (55)
2014/06/21 14:19:14 [error] [php] Missing argument 1 for LightOpenID::__construct(), called in /Users/maxim/Sites/ua-selector.in/czvl/protected/extensions/lightopenid/loid.php on line 34 and defined (/Users/maxim/Sites/ua-selector.in/czvl/protected/extensions/lightopenid/LightOpenID.php:74)
Stack trace:
#0 /Users/maxim/Sites/ua-selector.in/czvl/protected/extensions/eauth/EAuth.php(136): GoogleOpenIDService->init()
#1 /Users/maxim/Sites/ua-selector.in/czvl/protected/extensions/eauth/EAuth.php(72): EAuth->getIdentity()
#2 /Users/maxim/Sites/ua-selector.in/czvl/protected/extensions/eauth/EAuthWidget.php(63): EAuth->getServices()
#3 /Users/maxim/Sites/ua-selector.in/czvl/protected/extensions/eauth/EAuth.php(181): EAuthWidget->init()
#4 /Users/maxim/Sites/ua-selector.in/czvl/protected/views/site/login.php(56): EAuth->renderWidget()
#5 /Users/maxim/Sites/yii/web/CBaseController.php(126): require()
#6 /Users/maxim/Sites/yii/web/CBaseController.php(95): SiteController->renderInternal()
#7 /Users/maxim/Sites/yii/web/CController.php(869): SiteController->renderFile()
#8 /Users/maxim/Sites/yii/web/CController.php(782): SiteController->renderPartial()
#9 /Users/maxim/Sites/ua-selector.in/czvl/protected/controllers/SiteController.php(154): SiteController->render()
#10 /Users/maxim/Sites/yii/web/actions/CInlineAction.php(49): SiteController->actionLogin()
#11 /Users/maxim/Sites/yii/web/CController.php(308): CInlineAction->runWithParams()
#12 /Users/maxim/Sites/yii/web/CController.php(286): SiteController->runAction()
#13 /Users/maxim/Sites/yii/web/CController.php(265): SiteController->runActionWithFilters()
#14 /Users/maxim/Sites/yii/web/CWebApplication.php(282): SiteController->run()
#15 /Users/maxim/Sites/yii/web/CWebApplication.php(141): CWebApplication->runController()
#16 /Users/maxim/Sites/yii/base/CApplication.php(180): CWebApplication->processRequest()
#17 /Users/maxim/Sites/ua-selector.in/czvl/index.php(13): CWebApplication->run()
REQUEST_URI=/site/login
in /Users/maxim/Sites/ua-selector.in/czvl/protected/extensions/lightopenid/LightOpenID.php (74)
in /Users/maxim/Sites/ua-selector.in/czvl/protected/extensions/lightopenid/loid.php (34)
in /Users/maxim/Sites/ua-selector.in/czvl/protected/extensions/eauth/EOpenIDService.php (55)
2014/06/21 14:19:16 [error] [php] Missing argument 1 for LightOpenID::__construct(), called in /Users/maxim/Sites/ua-selector.in/czvl/protected/extensions/lightopenid/loid.php on line 34 and defined (/Users/maxim/Sites/ua-selector.in/czvl/protected/extensions/lightopenid/LightOpenID.php:74)
Stack trace:
#0 /Users/maxim/Sites/ua-selector.in/czvl/protected/extensions/eauth/EAuth.php(136): GoogleOpenIDService->init()
#1 /Users/maxim/Sites/ua-selector.in/czvl/protected/extensions/eauth/EAuth.php(72): EAuth->getIdentity()
#2 /Users/maxim/Sites/ua-selector.in/czvl/protected/extensions/eauth/EAuthWidget.php(63): EAuth->getServices()
#3 /Users/maxim/Sites/ua-selector.in/czvl/protected/extensions/eauth/EAuth.php(181): EAuthWidget->init()
#4 /Users/maxim/Sites/ua-selector.in/czvl/protected/views/site/login.php(56): EAuth->renderWidget()
#5 /Users/maxim/Sites/yii/web/CBaseController.php(126): require()
#6 /Users/maxim/Sites/yii/web/CBaseController.php(95): SiteController->renderInternal()
#7 /Users/maxim/Sites/yii/web/CController.php(869): SiteController->renderFile()
#8 /Users/maxim/Sites/yii/web/CController.php(782): SiteController->renderPartial()
#9 /Users/maxim/Sites/ua-selector.in/czvl/protected/controllers/SiteController.php(154): SiteController->render()
#10 /Users/maxim/Sites/yii/web/actions/CInlineAction.php(49): SiteController->actionLogin()
#11 /Users/maxim/Sites/yii/web/CController.php(308): CInlineAction->runWithParams()
#12 /Users/maxim/Sites/yii/web/CController.php(286): SiteController->runAction()
#13 /Users/maxim/Sites/yii/web/CController.php(265): SiteController->runActionWithFilters()
#14 /Users/maxim/Sites/yii/web/CWebApplication.php(282): SiteController->run()
#15 /Users/maxim/Sites/yii/web/CWebApplication.php(141): CWebApplication->runController()
#16 /Users/maxim/Sites/yii/base/CApplication.php(180): CWebApplication->processRequest()
#17 /Users/maxim/Sites/ua-selector.in/czvl/index.php(13): CWebApplication->run()
REQUEST_URI=/site/login
in /Users/maxim/Sites/ua-selector.in/czvl/protected/extensions/lightopenid/LightOpenID.php (74)
in /Users/maxim/Sites/ua-selector.in/czvl/protected/extensions/lightopenid/loid.php (34)
in /Users/maxim/Sites/ua-selector.in/czvl/protected/extensions/eauth/EOpenIDService.php (55)
2014/06/21 14:19:17 [error] [php] Missing argument 1 for LightOpenID::__construct(), called in /Users/maxim/Sites/ua-selector.in/czvl/protected/extensions/lightopenid/loid.php on line 34 and defined (/Users/maxim/Sites/ua-selector.in/czvl/protected/extensions/lightopenid/LightOpenID.php:74)
Stack trace:
#0 /Users/maxim/Sites/ua-selector.in/czvl/protected/extensions/eauth/EAuth.php(136): GoogleOpenIDService->init()
#1 /Users/maxim/Sites/ua-selector.in/czvl/protected/extensions/eauth/EAuth.php(72): EAuth->getIdentity()
#2 /Users/maxim/Sites/ua-selector.in/czvl/protected/extensions/eauth/EAuthWidget.php(63): EAuth->getServices()
#3 /Users/maxim/Sites/ua-selector.in/czvl/protected/extensions/eauth/EAuth.php(181): EAuthWidget->init()
#4 /Users/maxim/Sites/ua-selector.in/czvl/protected/views/site/login.php(56): EAuth->renderWidget()
#5 /Users/maxim/Sites/yii/web/CBaseController.php(126): require()
#6 /Users/maxim/Sites/yii/web/CBaseController.php(95): SiteController->renderInternal()
#7 /Users/maxim/Sites/yii/web/CController.php(869): SiteController->renderFile()
#8 /Users/maxim/Sites/yii/web/CController.php(782): SiteController->renderPartial()
#9 /Users/maxim/Sites/ua-selector.in/czvl/protected/controllers/SiteController.php(154): SiteController->render()
#10 /Users/maxim/Sites/yii/web/actions/CInlineAction.php(49): SiteController->actionLogin()
#11 /Users/maxim/Sites/yii/web/CController.php(308): CInlineAction->runWithParams()
#12 /Users/maxim/Sites/yii/web/CController.php(286): SiteController->runAction()
#13 /Users/maxim/Sites/yii/web/CController.php(265): SiteController->runActionWithFilters()
#14 /Users/maxim/Sites/yii/web/CWebApplication.php(282): SiteController->run()
#15 /Users/maxim/Sites/yii/web/CWebApplication.php(141): CWebApplication->runController()
#16 /Users/maxim/Sites/yii/base/CApplication.php(180): CWebApplication->processRequest()
#17 /Users/maxim/Sites/ua-selector.in/czvl/index.php(13): CWebApplication->run()
REQUEST_URI=/site/login
in /Users/maxim/Sites/ua-selector.in/czvl/protected/extensions/lightopenid/LightOpenID.php (74)
in /Users/maxim/Sites/ua-selector.in/czvl/protected/extensions/lightopenid/loid.php (34)
in /Users/maxim/Sites/ua-selector.in/czvl/protected/extensions/eauth/EOpenIDService.php (55)
2014/06/21 14:19:21 [error] [php] Missing argument 1 for LightOpenID::__construct(), called in /Users/maxim/Sites/ua-selector.in/czvl/protected/extensions/lightopenid/loid.php on line 34 and defined (/Users/maxim/Sites/ua-selector.in/czvl/protected/extensions/lightopenid/LightOpenID.php:74)
Stack trace:
#0 /Users/maxim/Sites/ua-selector.in/czvl/protected/extensions/eauth/EAuth.php(136): GoogleOpenIDService->init()
#1 /Users/maxim/Sites/ua-selector.in/czvl/protected/extensions/eauth/EAuth.php(72): EAuth->getIdentity()
#2 /Users/maxim/Sites/ua-selector.in/czvl/protected/extensions/eauth/EAuthWidget.php(63): EAuth->getServices()
#3 /Users/maxim/Sites/ua-selector.in/czvl/protected/extensions/eauth/EAuth.php(181): EAuthWidget->init()
#4 /Users/maxim/Sites/ua-selector.in/czvl/protected/views/site/login.php(56): EAuth->renderWidget()
#5 /Users/maxim/Sites/yii/web/CBaseController.php(126): require()
#6 /Users/maxim/Sites/yii/web/CBaseController.php(95): SiteController->renderInternal()
#7 /Users/maxim/Sites/yii/web/CController.php(869): SiteController->renderFile()
#8 /Users/maxim/Sites/yii/web/CController.php(782): SiteController->renderPartial()
#9 /Users/maxim/Sites/ua-selector.in/czvl/protected/controllers/SiteController.php(154): SiteController->render()
#10 /Users/maxim/Sites/yii/web/actions/CInlineAction.php(49): SiteController->actionLogin()
#11 /Users/maxim/Sites/yii/web/CController.php(308): CInlineAction->runWithParams()
#12 /Users/maxim/Sites/yii/web/CController.php(286): SiteController->runAction()
#13 /Users/maxim/Sites/yii/web/CController.php(265): SiteController->runActionWithFilters()
#14 /Users/maxim/Sites/yii/web/CWebApplication.php(282): SiteController->run()
#15 /Users/maxim/Sites/yii/web/CWebApplication.php(141): CWebApplication->runController()
#16 /Users/maxim/Sites/yii/base/CApplication.php(180): CWebApplication->processRequest()
#17 /Users/maxim/Sites/ua-selector.in/czvl/index.php(13): CWebApplication->run()
REQUEST_URI=/login
in /Users/maxim/Sites/ua-selector.in/czvl/protected/extensions/lightopenid/LightOpenID.php (74)
in /Users/maxim/Sites/ua-selector.in/czvl/protected/extensions/lightopenid/loid.php (34)
in /Users/maxim/Sites/ua-selector.in/czvl/protected/extensions/eauth/EOpenIDService.php (55)
2014/06/21 14:22:33 [error] [exception.CException] exception 'CException' with message 'Alias "ext.eauth.EAuthWidget" is invalid. Make sure it points to an existing PHP file and the file is readable.' in /Users/maxim/Sites/yii/YiiBase.php:322
Stack trace:
#0 /Users/maxim/Sites/yii/web/CWidgetFactory.php(146): YiiBase::import('ext.eauth.EAuth...', true)
#1 /Users/maxim/Sites/yii/web/CBaseController.php(146): CWidgetFactory->createWidget(Object(SiteController), 'ext.eauth.EAuth...', Array)
#2 /Users/maxim/Sites/yii/web/CBaseController.php(172): CBaseController->createWidget('ext.eauth.EAuth...', Array)
#3 /Users/maxim/Sites/ua-selector.in/czvl/protected/views/site/login.php(56): CBaseController->widget('ext.eauth.EAuth...')
#4 /Users/maxim/Sites/yii/web/CBaseController.php(126): require('/Users/maxim/Si...')
#5 /Users/maxim/Sites/yii/web/CBaseController.php(95): CBaseController->renderInternal('/Users/maxim/Si...', Array, true)
#6 /Users/maxim/Sites/yii/web/CController.php(869): CBaseController->renderFile('/Users/maxim/Si...', Array, true)
#7 /Users/maxim/Sites/yii/web/CController.php(782): CController->renderPartial('login', Array, true)
#8 /Users/maxim/Sites/ua-selector.in/czvl/protected/controllers/SiteController.php(154): CController->render('login', Array)
#9 /Users/maxim/Sites/yii/web/actions/CInlineAction.php(49): SiteController->actionLogin()
#10 /Users/maxim/Sites/yii/web/CController.php(308): CInlineAction->runWithParams(Array)
#11 /Users/maxim/Sites/yii/web/CController.php(286): CController->runAction(Object(CInlineAction))
#12 /Users/maxim/Sites/yii/web/CController.php(265): CController->runActionWithFilters(Object(CInlineAction), Array)
#13 /Users/maxim/Sites/yii/web/CWebApplication.php(282): CController->run('login')
#14 /Users/maxim/Sites/yii/web/CWebApplication.php(141): CWebApplication->runController('site/login')
#15 /Users/maxim/Sites/yii/base/CApplication.php(180): CWebApplication->processRequest()
#16 /Users/maxim/Sites/ua-selector.in/czvl/index.php(13): CApplication->run()
#17 {main}
REQUEST_URI=/login
---
2014/06/21 14:22:34 [error] [exception.CException] exception 'CException' with message 'Alias "ext.eauth.EAuthWidget" is invalid. Make sure it points to an existing PHP file and the file is readable.' in /Users/maxim/Sites/yii/YiiBase.php:322
Stack trace:
#0 /Users/maxim/Sites/yii/web/CWidgetFactory.php(146): YiiBase::import('ext.eauth.EAuth...', true)
#1 /Users/maxim/Sites/yii/web/CBaseController.php(146): CWidgetFactory->createWidget(Object(SiteController), 'ext.eauth.EAuth...', Array)
#2 /Users/maxim/Sites/yii/web/CBaseController.php(172): CBaseController->createWidget('ext.eauth.EAuth...', Array)
#3 /Users/maxim/Sites/ua-selector.in/czvl/protected/views/site/login.php(56): CBaseController->widget('ext.eauth.EAuth...')
#4 /Users/maxim/Sites/yii/web/CBaseController.php(126): require('/Users/maxim/Si...')
#5 /Users/maxim/Sites/yii/web/CBaseController.php(95): CBaseController->renderInternal('/Users/maxim/Si...', Array, true)
#6 /Users/maxim/Sites/yii/web/CController.php(869): CBaseController->renderFile('/Users/maxim/Si...', Array, true)
#7 /Users/maxim/Sites/yii/web/CController.php(782): CController->renderPartial('login', Array, true)
#8 /Users/maxim/Sites/ua-selector.in/czvl/protected/controllers/SiteController.php(154): CController->render('login', Array)
#9 /Users/maxim/Sites/yii/web/actions/CInlineAction.php(49): SiteController->actionLogin()
#10 /Users/maxim/Sites/yii/web/CController.php(308): CInlineAction->runWithParams(Array)
#11 /Users/maxim/Sites/yii/web/CController.php(286): CController->runAction(Object(CInlineAction))
#12 /Users/maxim/Sites/yii/web/CController.php(265): CController->runActionWithFilters(Object(CInlineAction), Array)
#13 /Users/maxim/Sites/yii/web/CWebApplication.php(282): CController->run('login')
#14 /Users/maxim/Sites/yii/web/CWebApplication.php(141): CWebApplication->runController('site/login')
#15 /Users/maxim/Sites/yii/base/CApplication.php(180): CWebApplication->processRequest()
#16 /Users/maxim/Sites/ua-selector.in/czvl/index.php(13): CApplication->run()
#17 {main}
REQUEST_URI=/login
---
